Mplus VERSION 8.6
MUTHEN & MUTHEN
03/17/2025   5:36 PM

INPUT INSTRUCTIONS

  TITLE: psychological distress;
  DATA: FILE = isem-nsduh-mplus-data.csv;
  VARIABLE: NAMES = mar fem blk hsp drk k6nrv k6hop k6rst k6dep k6eff k6wth;
    USEVAR = k6nrv k6hop k6rst k6dep k6eff k6wth;
  ANALYSIS: ESTIMATOR = MLR;
  MODEL:
    Anx BY k6nrv k6rst;
    Dep BY k6dep k6hop k6eff k6wth;
  OUTPUT: STDYX;



INPUT READING TERMINATED NORMALLY



psychological distress;

SUMMARY OF ANALYSIS

Number of groups                                                 1
Number of observations                                        3321

Number of dependent variables                                    6
Number of independent variables                                  0
Number of continuous latent variables                            2

Observed dependent variables

  Continuous
   K6NRV       K6HOP       K6RST       K6DEP       K6EFF       K6WTH

Continuous latent variables
   ANX         DEP


Estimator                                                      MLR
Information matrix                                        OBSERVED
Maximum number of iterations                                  1000
Convergence criterion                                    0.500D-04
Maximum number of steepest descent iterations                   20

Input data file(s)
  isem-nsduh-mplus-data.csv

Input data format  FREE



UNIVARIATE SAMPLE STATISTICS


     UNIVARIATE HIGHER-ORDER MOMENT DESCRIPTIVE STATISTICS

         Variable/         Mean/     Skewness/   Minimum/ % with                Percentiles
        Sample Size      Variance    Kurtosis    Maximum  Min/Max      20%/60%    40%/80%    Median

     K6NRV                 2.365       0.497       1.000   26.83%       1.000      2.000      2.000
            3321.000       1.269      -0.500       5.000    4.70%       3.000      3.000
     K6HOP                 1.771       1.321       1.000   56.37%       1.000      1.000      1.000
            3321.000       1.129       0.938       5.000    2.89%       2.000      3.000
     K6RST                 2.133       0.757       1.000   39.96%       1.000      2.000      2.000
            3321.000       1.367      -0.371       5.000    4.46%       2.000      3.000
     K6DEP                 1.753       1.331       1.000   56.79%       1.000      1.000      1.000
            3321.000       1.087       1.000       5.000    2.59%       2.000      3.000
     K6EFF                 2.198       0.769       1.000   40.59%       1.000      1.000      2.000
            3321.000       1.602      -0.522       5.000    7.05%       2.000      3.000
     K6WTH                 1.880       1.187       1.000   52.39%       1.000      1.000      1.000
            3321.000       1.299       0.481       5.000    4.22%       2.000      3.000


THE MODEL ESTIMATION TERMINATED NORMALLY



MODEL FIT INFORMATION

Number of Free Parameters                       19

Loglikelihood

          H0 Value                      -24217.090
          H0 Scaling Correction Factor      1.4328
            for MLR
          H1 Value                      -24151.484
          H1 Scaling Correction Factor      1.5368
            for MLR

Information Criteria

          Akaike (AIC)                   48472.181
          Bayesian (BIC)                 48588.233
          Sample-Size Adjusted BIC       48527.862
            (n* = (n + 2) / 24)

Chi-Square Test of Model Fit

          Value                             73.561*
          Degrees of Freedom                     8
          P-Value                           0.0000
          Scaling Correction Factor         1.7837
            for MLR

*   The chi-square value for MLM, MLMV, MLR, ULSMV, WLSM and WLSMV cannot be used
    for chi-square difference testing in the regular way.  MLM, MLR and WLSM
    chi-square difference testing is described on the Mplus website.  MLMV, WLSMV,
    and ULSMV difference testing is done using the DIFFTEST option.

RMSEA (Root Mean Square Error Of Approximation)

          Estimate                           0.050
          90 Percent C.I.                    0.040  0.060
          Probability RMSEA <= .05           0.497

CFI/TLI

          CFI                                0.990
          TLI                                0.982

Chi-Square Test of Model Fit for the Baseline Model

          Value                           6827.364
          Degrees of Freedom                    15
          P-Value                           0.0000

SRMR (Standardized Root Mean Square Residual)

          Value                              0.016



MODEL RESULTS

                                                    Two-Tailed
                    Estimate       S.E.  Est./S.E.    P-Value

 ANX      BY
    K6NRV              1.000      0.000    999.000    999.000
    K6RST              1.048      0.025     42.379      0.000

 DEP      BY
    K6DEP              1.000      0.000    999.000    999.000
    K6HOP              1.006      0.016     62.289      0.000
    K6EFF              1.058      0.022     48.123      0.000
    K6WTH              1.098      0.017     64.196      0.000

 DEP      WITH
    ANX                0.706      0.025     28.767      0.000

 Intercepts
    K6NRV              2.365      0.020    120.976      0.000
    K6HOP              1.771      0.018     96.031      0.000
    K6RST              2.133      0.020    105.122      0.000
    K6DEP              1.753      0.018     96.882      0.000
    K6EFF              2.198      0.022    100.053      0.000
    K6WTH              1.880      0.020     95.062      0.000

 Variances
    ANX                0.805      0.032     24.966      0.000
    DEP                0.827      0.033     25.120      0.000

 Residual Variances
    K6NRV              0.465      0.024     19.522      0.000
    K6HOP              0.292      0.016     18.078      0.000
    K6RST              0.484      0.023     20.739      0.000
    K6DEP              0.260      0.013     20.757      0.000
    K6EFF              0.677      0.030     22.575      0.000
    K6WTH              0.302      0.015     19.714      0.000


QUALITY OF NUMERICAL RESULTS

     Condition Number for the Information Matrix              0.140E-01
       (ratio of smallest to largest eigenvalue)


STANDARDIZED MODEL RESULTS


STDYX Standardization

                                                    Two-Tailed
                    Estimate       S.E.  Est./S.E.    P-Value

 ANX      BY
    K6NRV              0.796      0.012     67.345      0.000
    K6RST              0.804      0.011     75.162      0.000

 DEP      BY
    K6DEP              0.872      0.007    121.848      0.000
    K6HOP              0.861      0.008    103.203      0.000
    K6EFF              0.760      0.011     67.618      0.000
    K6WTH              0.876      0.007    124.214      0.000

 DEP      WITH
    ANX                0.865      0.010     84.610      0.000

 Intercepts
    K6NRV              2.099      0.022     95.363      0.000
    K6HOP              1.666      0.016    104.858      0.000
    K6RST              1.824      0.017    106.505      0.000
    K6DEP              1.681      0.016    103.117      0.000
    K6EFF              1.736      0.015    113.324      0.000
    K6WTH              1.650      0.015    111.348      0.000

 Variances
    ANX                1.000      0.000    999.000    999.000
    DEP                1.000      0.000    999.000    999.000

 Residual Variances
    K6NRV              0.366      0.019     19.459      0.000
    K6HOP              0.259      0.014     18.040      0.000
    K6RST              0.354      0.017     20.601      0.000
    K6DEP              0.239      0.012     19.144      0.000
    K6EFF              0.422      0.017     24.730      0.000
    K6WTH              0.233      0.012     18.820      0.000


R-SQUARE

    Observed                                        Two-Tailed
    Variable        Estimate       S.E.  Est./S.E.    P-Value

    K6NRV              0.634      0.019     33.672      0.000
    K6HOP              0.741      0.014     51.601      0.000
    K6RST              0.646      0.017     37.581      0.000
    K6DEP              0.761      0.012     60.924      0.000
    K6EFF              0.578      0.017     33.809      0.000
    K6WTH              0.767      0.012     62.107      0.000


DIAGRAM INFORMATION

  Use View Diagram under the Diagram menu in the Mplus Editor to view the diagram.
  If running Mplus from the Mplus Diagrammer, the diagram opens automatically.

  Diagram output
    w:\projects\isem\isem-chp6-mplus\isem-chp6-m2-mlr.dgm

     Beginning Time:  17:36:54
        Ending Time:  17:36:57
       Elapsed Time:  00:00:03



MUTHEN & MUTHEN
3463 Stoner Ave.
Los Angeles, CA  90066

Tel: (310) 391-9971
Fax: (310) 391-8971
Web: www.StatModel.com
Support: Support@StatModel.com

Copyright (c) 1998-2021 Muthen & Muthen
