Mplus VERSION 8.6
MUTHEN & MUTHEN
03/17/2025   5:39 PM

INPUT INSTRUCTIONS

  TITLE: psychological distress;
  DATA: FILE = isem-nsduh-mplus-data.csv;
  VARIABLE: NAMES = mar fem blk hsp drk k6nrv k6hop k6rst k6dep k6eff k6wth;
    USEVAR = mar fem blk hsp drk k6nrv k6hop k6rst k6dep k6eff k6wth;
    CATEGORICAL = k6nrv k6rst k6dep k6hop k6eff k6wth;
  ANALYSIS: ESTIMATOR = MLR;
    LINK = PROBIT;
  MODEL:
    PD BY k6nrv k6rst k6dep k6hop k6eff k6wth;
    PD ON mar fem blk hsp;
    drk ON PD mar fem blk hsp;
  OUTPUT: STDYX;



INPUT READING TERMINATED NORMALLY



psychological distress;

SUMMARY OF ANALYSIS

Number of groups                                                 1
Number of observations                                        3321

Number of dependent variables                                    7
Number of independent variables                                  4
Number of continuous latent variables                            1

Observed dependent variables

  Continuous
   DRK

  Binary and ordered categorical (ordinal)
   K6NRV       K6HOP       K6RST       K6DEP       K6EFF       K6WTH

Observed independent variables
   MAR         FEM         BLK         HSP

Continuous latent variables
   PD


Estimator                                                      MLR
Information matrix                                        OBSERVED
Optimization Specifications for the Quasi-Newton Algorithm for
Continuous Outcomes
  Maximum number of iterations                                 100
  Convergence criterion                                  0.100D-05
Optimization Specifications for the EM Algorithm
  Maximum number of iterations                                 500
  Convergence criteria
    Loglikelihood change                                 0.100D-02
    Relative loglikelihood change                        0.100D-05
    Derivative                                           0.100D-02
Optimization Specifications for the M step of the EM Algorithm for
Categorical Latent variables
  Number of M step iterations                                    1
  M step convergence criterion                           0.100D-02
  Basis for M step termination                           ITERATION
Optimization Specifications for the M step of the EM Algorithm for
Censored, Binary or Ordered Categorical (Ordinal), Unordered
Categorical (Nominal) and Count Outcomes
  Number of M step iterations                                    1
  M step convergence criterion                           0.100D-02
  Basis for M step termination                           ITERATION
  Maximum value for logit thresholds                            10
  Minimum value for logit thresholds                           -10
  Minimum expected cell size for chi-square              0.100D-01
Optimization algorithm                                         EMA
Integration Specifications
  Type                                                    STANDARD
  Number of integration points                                  15
  Dimensions of numerical integration                            1
  Adaptive quadrature                                           ON
Link                                                        PROBIT
Cholesky                                                        ON

Input data file(s)
  isem-nsduh-mplus-data.csv
Input data format  FREE


UNIVARIATE PROPORTIONS AND COUNTS FOR CATEGORICAL VARIABLES

    K6NRV
      Category 1    0.268          891.000
      Category 2    0.302         1002.000
      Category 3    0.273          908.000
      Category 4    0.110          364.000
      Category 5    0.047          156.000
    K6HOP
      Category 1    0.564         1872.000
      Category 2    0.215          714.000
      Category 3    0.137          456.000
      Category 4    0.055          183.000
      Category 5    0.029           96.000
    K6RST
      Category 1    0.400         1327.000
      Category 2    0.250          829.000
      Category 3    0.213          709.000
      Category 4    0.093          308.000
      Category 5    0.045          148.000
    K6DEP
      Category 1    0.568         1886.000
      Category 2    0.215          715.000
      Category 3    0.139          461.000
      Category 4    0.052          173.000
      Category 5    0.026           86.000
    K6EFF
      Category 1    0.406         1348.000
      Category 2    0.236          784.000
      Category 3    0.183          608.000
      Category 4    0.104          347.000
      Category 5    0.070          234.000
    K6WTH
      Category 1    0.524         1740.000
      Category 2    0.223          739.000
      Category 3    0.145          482.000
      Category 4    0.066          220.000
      Category 5    0.042          140.000



UNIVARIATE SAMPLE STATISTICS


     UNIVARIATE HIGHER-ORDER MOMENT DESCRIPTIVE STATISTICS

         Variable/         Mean/     Skewness/   Minimum/ % with                Percentiles
        Sample Size      Variance    Kurtosis    Maximum  Min/Max      20%/60%    40%/80%    Median

     DRK                   4.241       2.067       0.000   41.25%       0.000      0.000      1.000
            3321.000      42.130       3.961      30.000    1.02%       3.000      8.000
     MAR                   0.341       0.670       0.000   65.88%       0.000      0.000      0.000
            3321.000       0.225      -1.551       1.000   34.12%       0.000      1.000
     FEM                   0.561      -0.245       0.000   43.93%       0.000      0.000      1.000
            3321.000       0.246      -1.940       1.000   56.07%       1.000      1.000
     BLK                   0.121       2.328       0.000   87.93%       0.000      0.000      0.000
            3321.000       0.106       3.419       1.000   12.07%       0.000      0.000
     HSP                   0.263       1.076       0.000   73.68%       0.000      0.000      0.000
            3321.000       0.194      -0.843       1.000   26.32%       0.000      1.000


THE MODEL ESTIMATION TERMINATED NORMALLY



MODEL FIT INFORMATION

Number of Free Parameters                       41

Loglikelihood

          H0 Value                      -31212.688
          H0 Scaling Correction Factor      1.1245
            for MLR

Information Criteria

          Akaike (AIC)                   62507.376
          Bayesian (BIC)                 62757.805
          Sample-Size Adjusted BIC       62627.530
            (n* = (n + 2) / 24)



MODEL RESULTS

                                                    Two-Tailed
                    Estimate       S.E.  Est./S.E.    P-Value

 PD       BY
    K6NRV              1.000      0.000    999.000    999.000
    K6RST              1.010      0.037     27.383      0.000
    K6DEP              1.821      0.097     18.732      0.000
    K6HOP              1.742      0.084     20.686      0.000
    K6EFF              1.164      0.053     21.968      0.000
    K6WTH              1.797      0.094     19.096      0.000

 PD         ON
    MAR               -0.496      0.051     -9.769      0.000
    FEM                0.208      0.049      4.235      0.000
    BLK               -0.424      0.086     -4.916      0.000
    HSP               -0.489      0.063     -7.730      0.000

 DRK        ON
    PD                 0.431      0.099      4.362      0.000

 DRK        ON
    MAR               -0.895      0.229     -3.910      0.000
    FEM               -1.727      0.231     -7.493      0.000
    BLK               -1.274      0.332     -3.834      0.000
    HSP               -1.411      0.250     -5.631      0.000

 Intercepts
    DRK                6.144      0.233     26.339      0.000

 Thresholds
    K6NRV$1           -1.225      0.057    -21.441      0.000
    K6NRV$2            0.095      0.051      1.863      0.063
    K6NRV$3            1.415      0.059     23.992      0.000
    K6NRV$4            2.449      0.079     31.140      0.000
    K6HOP$1            0.070      0.083      0.847      0.397
    K6HOP$2            1.496      0.095     15.788      0.000
    K6HOP$3            2.943      0.126     23.265      0.000
    K6HOP$4            4.167      0.180     23.159      0.000
    K6RST$1           -0.618      0.052    -11.924      0.000
    K6RST$2            0.438      0.051      8.545      0.000
    K6RST$3            1.558      0.059     26.238      0.000
    K6RST$4            2.497      0.076     32.946      0.000
    K6DEP$1            0.100      0.086      1.154      0.249
    K6DEP$2            1.573      0.099     15.912      0.000
    K6DEP$3            3.139      0.130     24.209      0.000
    K6DEP$4            4.499      0.175     25.671      0.000
    K6EFF$1           -0.654      0.059    -11.046      0.000
    K6EFF$2            0.457      0.059      7.703      0.000
    K6EFF$3            1.443      0.068     21.104      0.000
    K6EFF$4            2.299      0.086     26.652      0.000
    K6WTH$1           -0.173      0.086     -2.011      0.044
    K6WTH$2            1.270      0.092     13.732      0.000
    K6WTH$3            2.661      0.115     23.081      0.000
    K6WTH$4            3.862      0.152     25.403      0.000

 Residual Variances
    DRK               40.299      1.676     24.046      0.000
    PD                 1.635      0.113     14.507      0.000


QUALITY OF NUMERICAL RESULTS

     Condition Number for the Information Matrix              0.120E-02
       (ratio of smallest to largest eigenvalue)


RESULTS IN PROBABILITY SCALE

                    Estimate

 K6NRV
    Category 1         0.274
    Category 2         0.304
    Category 3         0.262
    Category 4         0.107
    Category 5         0.052
 K6HOP
    Category 1         0.575
    Category 2         0.201
    Category 3         0.133
    Category 4         0.057
    Category 5         0.034
 K6RST
    Category 1         0.409
    Category 2         0.248
    Category 3         0.203
    Category 4         0.090
    Category 5         0.050
 K6DEP
    Category 1         0.579
    Category 2         0.199
    Category 3         0.136
    Category 4         0.056
    Category 5         0.029
 K6EFF
    Category 1         0.417
    Category 2         0.237
    Category 3         0.171
    Category 4         0.095
    Category 5         0.080
 K6WTH
    Category 1         0.538
    Category 2         0.206
    Category 3         0.140
    Category 4         0.068
    Category 5         0.048


STANDARDIZED MODEL RESULTS


STDYX Standardization

                                                    Two-Tailed
                    Estimate       S.E.  Est./S.E.    P-Value

 PD       BY
    K6NRV              0.797      0.010     79.086      0.000
    K6RST              0.800      0.009     89.118      0.000
    K6DEP              0.923      0.006    162.952      0.000
    K6HOP              0.917      0.006    148.349      0.000
    K6EFF              0.838      0.009     94.023      0.000
    K6WTH              0.921      0.006    161.684      0.000

 PD         ON
    MAR               -0.179      0.017    -10.242      0.000
    FEM                0.078      0.018      4.316      0.000
    BLK               -0.105      0.021     -5.045      0.000
    HSP               -0.163      0.020     -8.253      0.000

 DRK        ON
    PD                 0.088      0.020      4.449      0.000

 DRK        ON
    MAR               -0.065      0.017     -3.934      0.000
    FEM               -0.132      0.017     -7.727      0.000
    BLK               -0.064      0.017     -3.853      0.000
    HSP               -0.096      0.017     -5.654      0.000

 Intercepts
    DRK                0.947      0.027     35.243      0.000

 Thresholds
    K6NRV$1           -0.741      0.032    -23.131      0.000
    K6NRV$2            0.058      0.031      1.861      0.063
    K6NRV$3            0.855      0.034     25.104      0.000
    K6NRV$4            1.480      0.043     34.724      0.000
    K6HOP$1            0.028      0.033      0.847      0.397
    K6HOP$2            0.597      0.035     17.041      0.000
    K6HOP$3            1.175      0.040     29.432      0.000
    K6HOP$4            1.664      0.051     32.631      0.000
    K6RST$1           -0.371      0.031    -12.172      0.000
    K6RST$2            0.263      0.031      8.502      0.000
    K6RST$3            0.936      0.035     26.722      0.000
    K6RST$4            1.500      0.044     34.350      0.000
    K6DEP$1            0.038      0.033      1.155      0.248
    K6DEP$2            0.605      0.035     17.193      0.000
    K6DEP$3            1.207      0.041     29.561      0.000
    K6DEP$4            1.730      0.052     33.414      0.000
    K6EFF$1           -0.357      0.032    -11.213      0.000
    K6EFF$2            0.249      0.032      7.815      0.000
    K6EFF$3            0.788      0.034     23.244      0.000
    K6EFF$4            1.255      0.039     32.008      0.000
    K6WTH$1           -0.067      0.033     -2.018      0.044
    K6WTH$2            0.494      0.035     14.124      0.000
    K6WTH$3            1.035      0.039     26.367      0.000
    K6WTH$4            1.502      0.047     32.197      0.000

 Residual Variances
    DRK                0.957      0.007    147.030      0.000
    PD                 0.941      0.009    108.518      0.000


R-SQUARE

    Observed                                        Two-Tailed
    Variable        Estimate       S.E.  Est./S.E.    P-Value

    K6NRV              0.635      0.016     39.543      0.000
    K6HOP              0.841      0.011     74.174      0.000
    K6RST              0.639      0.014     44.559      0.000
    K6DEP              0.852      0.010     81.476      0.000
    K6EFF              0.702      0.015     47.012      0.000
    K6WTH              0.849      0.010     80.842      0.000
    DRK                0.043      0.007      6.602      0.000

     Latent                                         Two-Tailed
    Variable        Estimate       S.E.  Est./S.E.    P-Value

    PD                 0.059      0.009      6.843      0.000


DIAGRAM INFORMATION

  Use View Diagram under the Diagram menu in the Mplus Editor to view the diagram.
  If running Mplus from the Mplus Diagrammer, the diagram opens automatically.

  Diagram output
    w:\projects\isem\isem-chp6-mplus\isem-chp6-m3-mlp.dgm

     Beginning Time:  17:39:32
        Ending Time:  17:39:46
       Elapsed Time:  00:00:14



MUTHEN & MUTHEN
3463 Stoner Ave.
Los Angeles, CA  90066

Tel: (310) 391-9971
Fax: (310) 391-8971
Web: www.StatModel.com
Support: Support@StatModel.com

Copyright (c) 1998-2021 Muthen & Muthen
