Mplus VERSION 8.6
MUTHEN & MUTHEN
09/29/2025   9:40 AM

INPUT INSTRUCTIONS

  TITLE: psychological distress measurement model;
  DATA: FILE = isem-nsduh-mplus-data.csv;
    LISTWISE = ON;
  VARIABLE: NAMES = mar fem blk hsp drk k6nrv k6hop k6rst k6dep k6eff k6wth;
    USEVAR = k6nrv k6rst k6dep k6hop k6eff k6wth;
    MISSING = all(-9);
  ANALYSIS: ESTIMATOR = ML;
  MODEL:
    PD BY k6nrv k6rst k6dep k6hop k6eff k6wth;
  OUTPUT: STDYX;



INPUT READING TERMINATED NORMALLY



psychological distress measurement model;

SUMMARY OF ANALYSIS

Number of groups                                                 1
Number of observations                                        3153

Number of dependent variables                                    6
Number of independent variables                                  0
Number of continuous latent variables                            1

Observed dependent variables

  Continuous
   K6NRV       K6RST       K6DEP       K6HOP       K6EFF       K6WTH

Continuous latent variables
   PD


Estimator                                                       ML
Information matrix                                        OBSERVED
Maximum number of iterations                                  1000
Convergence criterion                                    0.500D-04
Maximum number of steepest descent iterations                   20

Input data file(s)
  isem-nsduh-mplus-data.csv

Input data format  FREE



UNIVARIATE SAMPLE STATISTICS


     UNIVARIATE HIGHER-ORDER MOMENT DESCRIPTIVE STATISTICS

         Variable/         Mean/     Skewness/   Minimum/ % with                Percentiles
        Sample Size      Variance    Kurtosis    Maximum  Min/Max      20%/60%    40%/80%    Median

     K6NRV                 2.366       0.498       1.000   26.55%       1.000      2.000      2.000
            3153.000       1.258      -0.481       5.000    4.66%       3.000      3.000
     K6RST                 2.132       0.759       1.000   39.64%       1.000      2.000      2.000
            3153.000       1.353      -0.352       5.000    4.38%       2.000      3.000
     K6DEP                 1.744       1.343       1.000   56.90%       1.000      1.000      1.000
            3153.000       1.067       1.056       5.000    2.47%       2.000      3.000
     K6HOP                 1.764       1.324       1.000   56.49%       1.000      1.000      1.000
            3153.000       1.114       0.955       5.000    2.76%       2.000      3.000
     K6EFF                 2.191       0.779       1.000   40.41%       1.000      1.000      2.000
            3153.000       1.582      -0.489       5.000    6.88%       2.000      3.000
     K6WTH                 1.872       1.203       1.000   52.39%       1.000      1.000      1.000
            3153.000       1.281       0.537       5.000    4.09%       2.000      3.000


THE MODEL ESTIMATION TERMINATED NORMALLY



MODEL FIT INFORMATION

Number of Free Parameters                       18

Loglikelihood

          H0 Value                      -23100.159
          H1 Value                      -22898.730

Information Criteria

          Akaike (AIC)                   46236.318
          Bayesian (BIC)                 46345.328
          Sample-Size Adjusted BIC       46288.135
            (n* = (n + 2) / 24)

Chi-Square Test of Model Fit

          Value                            402.859
          Degrees of Freedom                     9
          P-Value                           0.0000

RMSEA (Root Mean Square Error Of Approximation)

          Estimate                           0.118
          90 Percent C.I.                    0.108  0.128
          Probability RMSEA <= .05           0.000

CFI/TLI

          CFI                                0.968
          TLI                                0.947

Chi-Square Test of Model Fit for the Baseline Model

          Value                          12339.237
          Degrees of Freedom                    15
          P-Value                           0.0000

SRMR (Standardized Root Mean Square Residual)

          Value                              0.031



MODEL RESULTS

                                                    Two-Tailed
                    Estimate       S.E.  Est./S.E.    P-Value

 PD       BY
    K6NRV              1.000      0.000    999.000    999.000
    K6RST              1.039      0.027     38.527      0.000
    K6DEP              1.124      0.025     45.412      0.000
    K6HOP              1.139      0.025     45.623      0.000
    K6EFF              1.207      0.030     40.833      0.000
    K6WTH              1.241      0.027     45.808      0.000

 Intercepts
    K6NRV              2.366      0.020    118.422      0.000
    K6RST              2.132      0.021    102.903      0.000
    K6DEP              1.744      0.018     94.806      0.000
    K6HOP              1.764      0.019     93.871      0.000
    K6EFF              2.191      0.022     97.793      0.000
    K6WTH              1.872      0.020     92.876      0.000

 Variances
    PD                 0.630      0.028     22.184      0.000

 Residual Variances
    K6NRV              0.628      0.017     36.119      0.000
    K6RST              0.674      0.019     36.158      0.000
    K6DEP              0.272      0.009     29.909      0.000
    K6HOP              0.297      0.010     30.476      0.000
    K6EFF              0.664      0.019     35.041      0.000
    K6WTH              0.311      0.011     29.220      0.000


QUALITY OF NUMERICAL RESULTS

     Condition Number for the Information Matrix              0.236E-01
       (ratio of smallest to largest eigenvalue)


STANDARDIZED MODEL RESULTS


STDYX Standardization

                                                    Two-Tailed
                    Estimate       S.E.  Est./S.E.    P-Value

 PD       BY
    K6NRV              0.707      0.010     72.357      0.000
    K6RST              0.708      0.010     72.767      0.000
    K6DEP              0.863      0.006    154.777      0.000
    K6HOP              0.856      0.006    148.417      0.000
    K6EFF              0.762      0.008     91.361      0.000
    K6WTH              0.870      0.005    161.396      0.000

 Intercepts
    K6NRV              2.109      0.032     65.955      0.000
    K6RST              1.833      0.029     62.867      0.000
    K6DEP              1.688      0.028     60.877      0.000
    K6HOP              1.672      0.028     60.627      0.000
    K6EFF              1.742      0.028     61.646      0.000
    K6WTH              1.654      0.027     60.356      0.000

 Variances
    PD                 1.000      0.000    999.000    999.000

 Residual Variances
    K6NRV              0.499      0.014     36.104      0.000
    K6RST              0.498      0.014     36.100      0.000
    K6DEP              0.255      0.010     26.453      0.000
    K6HOP              0.267      0.010     26.992      0.000
    K6EFF              0.420      0.013     33.036      0.000
    K6WTH              0.243      0.009     25.838      0.000


R-SQUARE

    Observed                                        Two-Tailed
    Variable        Estimate       S.E.  Est./S.E.    P-Value

    K6NRV              0.501      0.014     36.179      0.000
    K6RST              0.502      0.014     36.383      0.000
    K6DEP              0.745      0.010     77.388      0.000
    K6HOP              0.733      0.010     74.208      0.000
    K6EFF              0.580      0.013     45.680      0.000
    K6WTH              0.757      0.009     80.698      0.000


DIAGRAM INFORMATION

  Use View Diagram under the Diagram menu in the Mplus Editor to view the diagram.
  If running Mplus from the Mplus Diagrammer, the diagram opens automatically.

  Diagram output
    w:\projects\isem\isem-chp3-mplus\isem-chp3-m1.dgm

     Beginning Time:  09:40:01
        Ending Time:  09:40:04
       Elapsed Time:  00:00:03



MUTHEN & MUTHEN
3463 Stoner Ave.
Los Angeles, CA  90066

Tel: (310) 391-9971
Fax: (310) 391-8971
Web: www.StatModel.com
Support: Support@StatModel.com

Copyright (c) 1998-2021 Muthen & Muthen
