Mplus VERSION 8.6
MUTHEN & MUTHEN
09/29/2025  10:02 AM

INPUT INSTRUCTIONS

  TITLE: psychological distress;
  DATA: FILE = isem-nsduh-mplus-data.csv;
    LISTWISE = ON;
  VARIABLE: NAMES = mar fem blk hsp drk k6nrv k6hop k6rst k6dep k6eff k6wth;
    USEVAR = k6nrv k6hop k6rst k6dep k6eff k6wth;
    MISSING = all(-9);
  ANALYSIS: ESTIMATOR = MLR;
  MODEL:
    Anx BY k6nrv k6rst;
    Dep BY k6dep k6hop k6eff k6wth;
  OUTPUT: STDYX;



INPUT READING TERMINATED NORMALLY



psychological distress;

SUMMARY OF ANALYSIS

Number of groups                                                 1
Number of observations                                        3153

Number of dependent variables                                    6
Number of independent variables                                  0
Number of continuous latent variables                            2

Observed dependent variables

  Continuous
   K6NRV       K6HOP       K6RST       K6DEP       K6EFF       K6WTH

Continuous latent variables
   ANX         DEP


Estimator                                                      MLR
Information matrix                                        OBSERVED
Maximum number of iterations                                  1000
Convergence criterion                                    0.500D-04
Maximum number of steepest descent iterations                   20

Input data file(s)
  isem-nsduh-mplus-data.csv

Input data format  FREE



UNIVARIATE SAMPLE STATISTICS


     UNIVARIATE HIGHER-ORDER MOMENT DESCRIPTIVE STATISTICS

         Variable/         Mean/     Skewness/   Minimum/ % with                Percentiles
        Sample Size      Variance    Kurtosis    Maximum  Min/Max      20%/60%    40%/80%    Median

     K6NRV                 2.366       0.498       1.000   26.55%       1.000      2.000      2.000
            3153.000       1.258      -0.481       5.000    4.66%       3.000      3.000
     K6HOP                 1.764       1.324       1.000   56.49%       1.000      1.000      1.000
            3153.000       1.114       0.955       5.000    2.76%       2.000      3.000
     K6RST                 2.132       0.759       1.000   39.64%       1.000      2.000      2.000
            3153.000       1.353      -0.352       5.000    4.38%       2.000      3.000
     K6DEP                 1.744       1.343       1.000   56.90%       1.000      1.000      1.000
            3153.000       1.067       1.056       5.000    2.47%       2.000      3.000
     K6EFF                 2.191       0.779       1.000   40.41%       1.000      1.000      2.000
            3153.000       1.582      -0.489       5.000    6.88%       2.000      3.000
     K6WTH                 1.872       1.203       1.000   52.39%       1.000      1.000      1.000
            3153.000       1.281       0.537       5.000    4.09%       2.000      3.000


THE MODEL ESTIMATION TERMINATED NORMALLY



MODEL FIT INFORMATION

Number of Free Parameters                       19

Loglikelihood

          H0 Value                      -22961.757
          H0 Scaling Correction Factor      1.4347
            for MLR
          H1 Value                      -22898.730
          H1 Scaling Correction Factor      1.5219
            for MLR

Information Criteria

          Akaike (AIC)                   45961.514
          Bayesian (BIC)                 46076.580
          Sample-Size Adjusted BIC       46016.209
            (n* = (n + 2) / 24)

Chi-Square Test of Model Fit

          Value                             72.910*
          Degrees of Freedom                     8
          P-Value                           0.0000
          Scaling Correction Factor         1.7289
            for MLR

*   The chi-square value for MLM, MLMV, MLR, ULSMV, WLSM and WLSMV cannot be used
    for chi-square difference testing in the regular way.  MLM, MLR and WLSM
    chi-square difference testing is described on the Mplus website.  MLMV, WLSMV,
    and ULSMV difference testing is done using the DIFFTEST option.

RMSEA (Root Mean Square Error Of Approximation)

          Estimate                           0.051
          90 Percent C.I.                    0.040  0.062
          Probability RMSEA <= .05           0.432

CFI/TLI

          CFI                                0.990
          TLI                                0.981

Chi-Square Test of Model Fit for the Baseline Model

          Value                           6499.497
          Degrees of Freedom                    15
          P-Value                           0.0000

SRMR (Standardized Root Mean Square Residual)

          Value                              0.016



MODEL RESULTS

                                                    Two-Tailed
                    Estimate       S.E.  Est./S.E.    P-Value

 ANX      BY
    K6NRV              1.000      0.000    999.000    999.000
    K6RST              1.039      0.025     40.800      0.000

 DEP      BY
    K6DEP              1.000      0.000    999.000    999.000
    K6HOP              1.008      0.017     59.156      0.000
    K6EFF              1.064      0.023     45.677      0.000
    K6WTH              1.104      0.018     62.299      0.000

 DEP      WITH
    ANX                0.690      0.025     27.816      0.000

 Intercepts
    K6NRV              2.366      0.020    118.421      0.000
    K6HOP              1.764      0.019     93.872      0.000
    K6RST              2.132      0.021    102.904      0.000
    K6DEP              1.744      0.018     94.804      0.000
    K6EFF              2.191      0.022     97.793      0.000
    K6WTH              1.872      0.020     92.876      0.000

 Variances
    ANX                0.797      0.033     24.359      0.000
    DEP                0.806      0.034     24.033      0.000

 Residual Variances
    K6NRV              0.461      0.024     19.018      0.000
    K6HOP              0.294      0.017     17.486      0.000
    K6RST              0.492      0.024     20.368      0.000
    K6DEP              0.261      0.013     20.457      0.000
    K6EFF              0.670      0.031     21.886      0.000
    K6WTH              0.298      0.016     19.014      0.000


QUALITY OF NUMERICAL RESULTS

     Condition Number for the Information Matrix              0.145E-01
       (ratio of smallest to largest eigenvalue)


STANDARDIZED MODEL RESULTS


STDYX Standardization

                                                    Two-Tailed
                    Estimate       S.E.  Est./S.E.    P-Value

 ANX      BY
    K6NRV              0.796      0.012     65.786      0.000
    K6RST              0.798      0.011     70.832      0.000

 DEP      BY
    K6DEP              0.869      0.008    115.711      0.000
    K6HOP              0.858      0.009     97.781      0.000
    K6EFF              0.759      0.012     65.501      0.000
    K6WTH              0.876      0.007    119.517      0.000

 DEP      WITH
    ANX                0.861      0.011     79.676      0.000

 Intercepts
    K6NRV              2.109      0.023     92.488      0.000
    K6HOP              1.672      0.016    101.718      0.000
    K6RST              1.833      0.018    103.242      0.000
    K6DEP              1.688      0.017     99.353      0.000
    K6EFF              1.742      0.016    110.137      0.000
    K6WTH              1.654      0.015    107.601      0.000

 Variances
    ANX                1.000      0.000    999.000    999.000
    DEP                1.000      0.000    999.000    999.000

 Residual Variances
    K6NRV              0.366      0.019     19.012      0.000
    K6HOP              0.264      0.015     17.552      0.000
    K6RST              0.364      0.018     20.238      0.000
    K6DEP              0.245      0.013     18.725      0.000
    K6EFF              0.423      0.018     24.033      0.000
    K6WTH              0.233      0.013     18.158      0.000


R-SQUARE

    Observed                                        Two-Tailed
    Variable        Estimate       S.E.  Est./S.E.    P-Value

    K6NRV              0.634      0.019     32.893      0.000
    K6HOP              0.736      0.015     48.891      0.000
    K6RST              0.636      0.018     35.416      0.000
    K6DEP              0.755      0.013     57.855      0.000
    K6EFF              0.577      0.018     32.751      0.000
    K6WTH              0.767      0.013     59.759      0.000


DIAGRAM INFORMATION

  Use View Diagram under the Diagram menu in the Mplus Editor to view the diagram.
  If running Mplus from the Mplus Diagrammer, the diagram opens automatically.

  Diagram output
    w:\projects\isem\isem-chp6-mplus\isem-chp6-m2-mlr.dgm

     Beginning Time:  10:02:13
        Ending Time:  10:02:17
       Elapsed Time:  00:00:04



MUTHEN & MUTHEN
3463 Stoner Ave.
Los Angeles, CA  90066

Tel: (310) 391-9971
Fax: (310) 391-8971
Web: www.StatModel.com
Support: Support@StatModel.com

Copyright (c) 1998-2021 Muthen & Muthen
