Mplus VERSION 8.6
MUTHEN & MUTHEN
09/29/2025  10:00 AM

INPUT INSTRUCTIONS

  TITLE: psychological distress;
  DATA: FILE = isem-nsduh-mplus-data.csv;
    LISTWISE = ON;
  VARIABLE: NAMES = mar fem blk hsp drk k6nrv k6hop k6rst k6dep k6eff k6wth;
    USEVAR = k6nrv k6rst k6dep k6hop k6eff k6wth;
    MISSING = all(-9);
  ANALYSIS: ESTIMATOR = MLR;
  MODEL:
    PD BY k6nrv k6rst k6dep k6hop k6eff k6wth;
  OUTPUT: STDYX;



INPUT READING TERMINATED NORMALLY



psychological distress;

SUMMARY OF ANALYSIS

Number of groups                                                 1
Number of observations                                        3153

Number of dependent variables                                    6
Number of independent variables                                  0
Number of continuous latent variables                            1

Observed dependent variables

  Continuous
   K6NRV       K6RST       K6DEP       K6HOP       K6EFF       K6WTH

Continuous latent variables
   PD


Estimator                                                      MLR
Information matrix                                        OBSERVED
Maximum number of iterations                                  1000
Convergence criterion                                    0.500D-04
Maximum number of steepest descent iterations                   20

Input data file(s)
  isem-nsduh-mplus-data.csv

Input data format  FREE



UNIVARIATE SAMPLE STATISTICS


     UNIVARIATE HIGHER-ORDER MOMENT DESCRIPTIVE STATISTICS

         Variable/         Mean/     Skewness/   Minimum/ % with                Percentiles
        Sample Size      Variance    Kurtosis    Maximum  Min/Max      20%/60%    40%/80%    Median

     K6NRV                 2.366       0.498       1.000   26.55%       1.000      2.000      2.000
            3153.000       1.258      -0.481       5.000    4.66%       3.000      3.000
     K6RST                 2.132       0.759       1.000   39.64%       1.000      2.000      2.000
            3153.000       1.353      -0.352       5.000    4.38%       2.000      3.000
     K6DEP                 1.744       1.343       1.000   56.90%       1.000      1.000      1.000
            3153.000       1.067       1.056       5.000    2.47%       2.000      3.000
     K6HOP                 1.764       1.324       1.000   56.49%       1.000      1.000      1.000
            3153.000       1.114       0.955       5.000    2.76%       2.000      3.000
     K6EFF                 2.191       0.779       1.000   40.41%       1.000      1.000      2.000
            3153.000       1.582      -0.489       5.000    6.88%       2.000      3.000
     K6WTH                 1.872       1.203       1.000   52.39%       1.000      1.000      1.000
            3153.000       1.281       0.537       5.000    4.09%       2.000      3.000


THE MODEL ESTIMATION TERMINATED NORMALLY



MODEL FIT INFORMATION

Number of Free Parameters                       18

Loglikelihood

          H0 Value                      -23100.159
          H0 Scaling Correction Factor      1.4151
            for MLR
          H1 Value                      -22898.730
          H1 Scaling Correction Factor      1.5219
            for MLR

Information Criteria

          Akaike (AIC)                   46236.318
          Bayesian (BIC)                 46345.328
          Sample-Size Adjusted BIC       46288.135
            (n* = (n + 2) / 24)

Chi-Square Test of Model Fit

          Value                            232.128*
          Degrees of Freedom                     9
          P-Value                           0.0000
          Scaling Correction Factor         1.7355
            for MLR

*   The chi-square value for MLM, MLMV, MLR, ULSMV, WLSM and WLSMV cannot be used
    for chi-square difference testing in the regular way.  MLM, MLR and WLSM
    chi-square difference testing is described on the Mplus website.  MLMV, WLSMV,
    and ULSMV difference testing is done using the DIFFTEST option.

RMSEA (Root Mean Square Error Of Approximation)

          Estimate                           0.089
          90 Percent C.I.                    0.079  0.099
          Probability RMSEA <= .05           0.000

CFI/TLI

          CFI                                0.966
          TLI                                0.943

Chi-Square Test of Model Fit for the Baseline Model

          Value                           6499.497
          Degrees of Freedom                    15
          P-Value                           0.0000

SRMR (Standardized Root Mean Square Residual)

          Value                              0.031



MODEL RESULTS

                                                    Two-Tailed
                    Estimate       S.E.  Est./S.E.    P-Value

 PD       BY
    K6NRV              1.000      0.000    999.000    999.000
    K6RST              1.039      0.024     44.083      0.000
    K6DEP              1.124      0.030     37.248      0.000
    K6HOP              1.139      0.027     41.596      0.000
    K6EFF              1.207      0.030     39.968      0.000
    K6WTH              1.241      0.031     39.505      0.000

 Intercepts
    K6NRV              2.366      0.020    118.421      0.000
    K6RST              2.132      0.021    102.904      0.000
    K6DEP              1.744      0.018     94.804      0.000
    K6HOP              1.764      0.019     93.872      0.000
    K6EFF              2.191      0.022     97.793      0.000
    K6WTH              1.872      0.020     92.876      0.000

 Variances
    PD                 0.630      0.029     21.774      0.000

 Residual Variances
    K6NRV              0.628      0.022     28.415      0.000
    K6RST              0.674      0.024     28.597      0.000
    K6DEP              0.272      0.013     21.109      0.000
    K6HOP              0.297      0.016     18.391      0.000
    K6EFF              0.664      0.030     21.813      0.000
    K6WTH              0.311      0.016     19.446      0.000


QUALITY OF NUMERICAL RESULTS

     Condition Number for the Information Matrix              0.236E-01
       (ratio of smallest to largest eigenvalue)


STANDARDIZED MODEL RESULTS


STDYX Standardization

                                                    Two-Tailed
                    Estimate       S.E.  Est./S.E.    P-Value

 PD       BY
    K6NRV              0.707      0.012     57.973      0.000
    K6RST              0.708      0.012     60.182      0.000
    K6DEP              0.863      0.008    112.513      0.000
    K6HOP              0.856      0.008    100.908      0.000
    K6EFF              0.762      0.011     66.362      0.000
    K6WTH              0.870      0.008    115.753      0.000

 Intercepts
    K6NRV              2.109      0.023     92.487      0.000
    K6RST              1.833      0.018    103.242      0.000
    K6DEP              1.688      0.017     99.355      0.000
    K6HOP              1.672      0.016    101.718      0.000
    K6EFF              1.742      0.016    110.137      0.000
    K6WTH              1.654      0.015    107.601      0.000

 Variances
    PD                 1.000      0.000    999.000    999.000

 Residual Variances
    K6NRV              0.499      0.017     28.927      0.000
    K6RST              0.498      0.017     29.856      0.000
    K6DEP              0.255      0.013     19.229      0.000
    K6HOP              0.267      0.015     18.352      0.000
    K6EFF              0.420      0.017     23.996      0.000
    K6WTH              0.243      0.013     18.531      0.000


R-SQUARE

    Observed                                        Two-Tailed
    Variable        Estimate       S.E.  Est./S.E.    P-Value

    K6NRV              0.501      0.017     28.987      0.000
    K6RST              0.502      0.017     30.091      0.000
    K6DEP              0.745      0.013     56.256      0.000
    K6HOP              0.733      0.015     50.454      0.000
    K6EFF              0.580      0.017     33.181      0.000
    K6WTH              0.757      0.013     57.876      0.000


DIAGRAM INFORMATION

  Use View Diagram under the Diagram menu in the Mplus Editor to view the diagram.
  If running Mplus from the Mplus Diagrammer, the diagram opens automatically.

  Diagram output
    w:\projects\isem\isem-chp6-mplus\isem-chp6-m1-mlr.dgm

     Beginning Time:  10:00:31
        Ending Time:  10:00:35
       Elapsed Time:  00:00:04



MUTHEN & MUTHEN
3463 Stoner Ave.
Los Angeles, CA  90066

Tel: (310) 391-9971
Fax: (310) 391-8971
Web: www.StatModel.com
Support: Support@StatModel.com

Copyright (c) 1998-2021 Muthen & Muthen
