Mplus VERSION 8.6
MUTHEN & MUTHEN
09/29/2025   9:59 AM

INPUT INSTRUCTIONS

  TITLE: psychological distress;
  DATA: FILE = isem-nsduh-mplus-data.csv;
    LISTWISE = ON;
  VARIABLE: NAMES = mar fem blk hsp drk k6nrv k6hop k6rst k6dep k6eff k6wth;
    USEVAR = k6nrv k6rst k6dep k6hop k6eff k6wth;
    CATEGORICAL = k6nrv k6rst k6dep k6hop k6eff k6wth;
    MISSING = all(-9);
  ANALYSIS: ESTIMATOR = MLR;
    LINK = PROBIT;
  MODEL:
    PD BY k6nrv k6rst k6dep k6hop k6eff k6wth;
  OUTPUT: STDYX;



INPUT READING TERMINATED NORMALLY



psychological distress;

SUMMARY OF ANALYSIS

Number of groups                                                 1
Number of observations                                        3153

Number of dependent variables                                    6
Number of independent variables                                  0
Number of continuous latent variables                            1

Observed dependent variables

  Binary and ordered categorical (ordinal)
   K6NRV       K6RST       K6DEP       K6HOP       K6EFF       K6WTH

Continuous latent variables
   PD


Estimator                                                      MLR
Information matrix                                        OBSERVED
Optimization Specifications for the Quasi-Newton Algorithm for
Continuous Outcomes
  Maximum number of iterations                                 100
  Convergence criterion                                  0.100D-05
Optimization Specifications for the EM Algorithm
  Maximum number of iterations                                 500
  Convergence criteria
    Loglikelihood change                                 0.100D-02
    Relative loglikelihood change                        0.100D-05
    Derivative                                           0.100D-02
Optimization Specifications for the M step of the EM Algorithm for
Categorical Latent variables
  Number of M step iterations                                    1
  M step convergence criterion                           0.100D-02
  Basis for M step termination                           ITERATION
Optimization Specifications for the M step of the EM Algorithm for
Censored, Binary or Ordered Categorical (Ordinal), Unordered
Categorical (Nominal) and Count Outcomes
  Number of M step iterations                                    1
  M step convergence criterion                           0.100D-02
  Basis for M step termination                           ITERATION
  Maximum value for logit thresholds                            10
  Minimum value for logit thresholds                           -10
  Minimum expected cell size for chi-square              0.100D-01
Optimization algorithm                                         EMA
Integration Specifications
  Type                                                    STANDARD
  Number of integration points                                  15
  Dimensions of numerical integration                            1
  Adaptive quadrature                                           ON
Link                                                        PROBIT
Cholesky                                                        ON

Input data file(s)
  isem-nsduh-mplus-data.csv
Input data format  FREE


UNIVARIATE PROPORTIONS AND COUNTS FOR CATEGORICAL VARIABLES

    K6NRV
      Category 1    0.265          837.000
      Category 2    0.304          960.000
      Category 3    0.276          869.000
      Category 4    0.108          340.000
      Category 5    0.047          147.000
    K6RST
      Category 1    0.396         1250.000
      Category 2    0.254          802.000
      Category 3    0.214          674.000
      Category 4    0.092          289.000
      Category 5    0.044          138.000
    K6DEP
      Category 1    0.569         1794.000
      Category 2    0.219          689.000
      Category 3    0.137          431.000
      Category 4    0.051          161.000
      Category 5    0.025           78.000
    K6HOP
      Category 1    0.565         1781.000
      Category 2    0.216          681.000
      Category 3    0.137          431.000
      Category 4    0.055          173.000
      Category 5    0.028           87.000
    K6EFF
      Category 1    0.404         1274.000
      Category 2    0.242          764.000
      Category 3    0.181          572.000
      Category 4    0.103          326.000
      Category 5    0.069          217.000
    K6WTH
      Category 1    0.524         1652.000
      Category 2    0.228          719.000
      Category 3    0.141          445.000
      Category 4    0.066          208.000
      Category 5    0.041          129.000



THE MODEL ESTIMATION TERMINATED NORMALLY



MODEL FIT INFORMATION

Number of Free Parameters                       30

Loglikelihood

          H0 Value                      -19436.616
          H0 Scaling Correction Factor      1.1017
            for MLR

Information Criteria

          Akaike (AIC)                   38933.233
          Bayesian (BIC)                 39114.916
          Sample-Size Adjusted BIC       39019.593
            (n* = (n + 2) / 24)

Chi-Square Test of Model Fit for the Binary and Ordered Categorical
(Ordinal) Outcomes**

          Pearson Chi-Square

          Value                           9755.900
          Degrees of Freedom                 15526
          P-Value                           1.0000

          Likelihood Ratio Chi-Square

          Value                           3828.257
          Degrees of Freedom                 15526
          P-Value                           1.0000

** Of the 15625 cells in the frequency table, 68
   were deleted in the calculation of chi-square due to extreme values.



MODEL RESULTS

                                                    Two-Tailed
                    Estimate       S.E.  Est./S.E.    P-Value

 PD       BY
    K6NRV              1.000      0.000    999.000    999.000
    K6RST              0.993      0.037     26.914      0.000
    K6DEP              1.801      0.098     18.301      0.000
    K6HOP              1.748      0.086     20.420      0.000
    K6EFF              1.174      0.055     21.253      0.000
    K6WTH              1.802      0.097     18.632      0.000

 Thresholds
    K6NRV$1           -1.000      0.042    -23.891      0.000
    K6NRV$2            0.321      0.037      8.696      0.000
    K6NRV$3            1.650      0.051     32.418      0.000
    K6NRV$4            2.670      0.076     35.052      0.000
    K6RST$1           -0.392      0.037    -10.729      0.000
    K6RST$2            0.662      0.038     17.300      0.000
    K6RST$3            1.774      0.051     34.836      0.000
    K6RST$4            2.706      0.072     37.779      0.000
    K6DEP$1            0.511      0.060      8.578      0.000
    K6DEP$2            1.985      0.084     23.668      0.000
    K6DEP$3            3.537      0.125     28.262      0.000
    K6DEP$4            4.898      0.177     27.677      0.000
    K6HOP$1            0.473      0.058      8.148      0.000
    K6HOP$2            1.902      0.083     22.948      0.000
    K6HOP$3            3.354      0.127     26.324      0.000
    K6HOP$4            4.595      0.189     24.319      0.000
    K6EFF$1           -0.394      0.041     -9.654      0.000
    K6EFF$2            0.742      0.045     16.375      0.000
    K6EFF$3            1.728      0.061     28.408      0.000
    K6EFF$4            2.586      0.084     30.753      0.000
    K6WTH$1            0.237      0.057      4.148      0.000
    K6WTH$2            1.706      0.077     22.178      0.000
    K6WTH$3            3.077      0.112     27.548      0.000
    K6WTH$4            4.298      0.158     27.230      0.000

 Variances
    PD                 1.692      0.120     14.115      0.000


QUALITY OF NUMERICAL RESULTS

     Condition Number for the Information Matrix              0.676E-02
       (ratio of smallest to largest eigenvalue)


RESULTS IN PROBABILITY SCALE

                    Estimate

 K6NRV
    Category 1         0.271
    Category 2         0.306
    Category 3         0.265
    Category 4         0.105
    Category 5         0.052
 K6RST
    Category 1         0.405
    Category 2         0.252
    Category 3         0.204
    Category 4         0.090
    Category 5         0.049
 K6DEP
    Category 1         0.580
    Category 2         0.203
    Category 3         0.135
    Category 4         0.055
    Category 5         0.027
 K6HOP
    Category 1         0.576
    Category 2         0.202
    Category 3         0.133
    Category 4         0.056
    Category 5         0.032
 K6EFF
    Category 1         0.415
    Category 2         0.243
    Category 3         0.170
    Category 4         0.094
    Category 5         0.078
 K6WTH
    Category 1         0.537
    Category 2         0.211
    Category 3         0.138
    Category 4         0.068
    Category 5         0.046


STANDARDIZED MODEL RESULTS


STDYX Standardization

                                                    Two-Tailed
                    Estimate       S.E.  Est./S.E.    P-Value

 PD       BY
    K6NRV              0.793      0.010     76.003      0.000
    K6RST              0.791      0.010     83.001      0.000
    K6DEP              0.920      0.006    152.593      0.000
    K6HOP              0.915      0.006    141.859      0.000
    K6EFF              0.837      0.009     90.927      0.000
    K6WTH              0.920      0.006    153.865      0.000

 Thresholds
    K6NRV$1           -0.609      0.025    -24.769      0.000
    K6NRV$2            0.196      0.022      8.928      0.000
    K6NRV$3            1.006      0.026     38.673      0.000
    K6NRV$4            1.627      0.037     43.833      0.000
    K6RST$1           -0.240      0.023    -10.553      0.000
    K6RST$2            0.405      0.022     18.273      0.000
    K6RST$3            1.086      0.027     40.490      0.000
    K6RST$4            1.656      0.038     44.053      0.000
    K6DEP$1            0.201      0.022      9.240      0.000
    K6DEP$2            0.779      0.024     32.676      0.000
    K6DEP$3            1.389      0.032     43.719      0.000
    K6DEP$4            1.923      0.046     41.767      0.000
    K6HOP$1            0.190      0.022      8.762      0.000
    K6HOP$2            0.765      0.024     32.408      0.000
    K6HOP$3            1.350      0.031     44.042      0.000
    K6HOP$4            1.850      0.044     41.571      0.000
    K6EFF$1           -0.216      0.023     -9.452      0.000
    K6EFF$2            0.407      0.022     18.448      0.000
    K6EFF$3            0.946      0.025     38.241      0.000
    K6EFF$4            1.417      0.032     44.781      0.000
    K6WTH$1            0.093      0.022      4.259      0.000
    K6WTH$2            0.669      0.023     29.103      0.000
    K6WTH$3            1.207      0.029     42.120      0.000
    K6WTH$4            1.686      0.039     43.723      0.000

 Variances
    PD                 1.000      0.000    999.000    999.000


R-SQUARE

    Observed                                        Two-Tailed
    Variable        Estimate       S.E.  Est./S.E.    P-Value

    K6NRV              0.629      0.017     38.002      0.000
    K6RST              0.625      0.015     41.500      0.000
    K6DEP              0.846      0.011     76.297      0.000
    K6HOP              0.838      0.012     70.930      0.000
    K6EFF              0.700      0.015     45.463      0.000
    K6WTH              0.846      0.011     76.933      0.000


DIAGRAM INFORMATION

  Use View Diagram under the Diagram menu in the Mplus Editor to view the diagram.
  If running Mplus from the Mplus Diagrammer, the diagram opens automatically.

  Diagram output
    w:\projects\isem\isem-chp6-mplus\isem-chp6-m1-mlp.dgm

     Beginning Time:  09:59:44
        Ending Time:  09:59:49
       Elapsed Time:  00:00:05



MUTHEN & MUTHEN
3463 Stoner Ave.
Los Angeles, CA  90066

Tel: (310) 391-9971
Fax: (310) 391-8971
Web: www.StatModel.com
Support: Support@StatModel.com

Copyright (c) 1998-2021 Muthen & Muthen
