Mplus VERSION 8.6
MUTHEN & MUTHEN
09/29/2025  10:04 AM

INPUT INSTRUCTIONS

  TITLE: psychological distress;
  DATA: FILE = isem-nsduh-mplus-data.csv;
    LISTWISE = ON;
  VARIABLE: NAMES = mar fem blk hsp drk k6nrv k6hop k6rst k6dep k6eff k6wth;
    USEVAR = mar fem blk hsp drk k6nrv k6hop k6rst k6dep k6eff k6wth;
    CATEGORICAL = k6nrv k6hop k6rst k6dep k6eff k6wth;
    MISSING = all(-9);
  ANALYSIS: ESTIMATOR = WLSMV;
  MODEL:
    PD BY k6nrv k6hop k6dep k6rst k6eff k6wth;
    PD ON mar fem blk hsp;
    drk ON PD mar fem blk hsp;
  OUTPUT: STDYX;



INPUT READING TERMINATED NORMALLY



psychological distress;

SUMMARY OF ANALYSIS

Number of groups                                                 1
Number of observations                                        3153

Number of dependent variables                                    7
Number of independent variables                                  4
Number of continuous latent variables                            1

Observed dependent variables

  Continuous
   DRK

  Binary and ordered categorical (ordinal)
   K6NRV       K6HOP       K6RST       K6DEP       K6EFF       K6WTH

Observed independent variables
   MAR         FEM         BLK         HSP

Continuous latent variables
   PD


Estimator                                                    WLSMV
Maximum number of iterations                                  1000
Convergence criterion                                    0.500D-04
Maximum number of steepest descent iterations                   20
Parameterization                                             DELTA
Link                                                        PROBIT

Input data file(s)
  isem-nsduh-mplus-data.csv

Input data format  FREE


UNIVARIATE PROPORTIONS AND COUNTS FOR CATEGORICAL VARIABLES

    K6NRV
      Category 1    0.265          837.000
      Category 2    0.304          960.000
      Category 3    0.276          869.000
      Category 4    0.108          340.000
      Category 5    0.047          147.000
    K6HOP
      Category 1    0.565         1781.000
      Category 2    0.216          681.000
      Category 3    0.137          431.000
      Category 4    0.055          173.000
      Category 5    0.028           87.000
    K6RST
      Category 1    0.396         1250.000
      Category 2    0.254          802.000
      Category 3    0.214          674.000
      Category 4    0.092          289.000
      Category 5    0.044          138.000
    K6DEP
      Category 1    0.569         1794.000
      Category 2    0.219          689.000
      Category 3    0.137          431.000
      Category 4    0.051          161.000
      Category 5    0.025           78.000
    K6EFF
      Category 1    0.404         1274.000
      Category 2    0.242          764.000
      Category 3    0.181          572.000
      Category 4    0.103          326.000
      Category 5    0.069          217.000
    K6WTH
      Category 1    0.524         1652.000
      Category 2    0.228          719.000
      Category 3    0.141          445.000
      Category 4    0.066          208.000
      Category 5    0.041          129.000



UNIVARIATE SAMPLE STATISTICS


     UNIVARIATE HIGHER-ORDER MOMENT DESCRIPTIVE STATISTICS

         Variable/         Mean/     Skewness/   Minimum/ % with                Percentiles
        Sample Size      Variance    Kurtosis    Maximum  Min/Max      20%/60%    40%/80%    Median

     DRK                   4.241       2.032       0.000   41.10%       0.000      0.000      2.000
            3153.000      41.283       3.811      30.000    0.86%       3.000      8.000
     MAR                   0.359       0.586       0.000   64.07%       0.000      0.000      0.000
            3153.000       0.230      -1.656       1.000   35.93%       0.000      1.000
     FEM                   0.555      -0.223       0.000   44.47%       0.000      0.000      1.000
            3153.000       0.247      -1.950       1.000   55.53%       1.000      1.000
     BLK                   0.122       2.308       0.000   87.79%       0.000      0.000      0.000
            3153.000       0.107       3.329       1.000   12.21%       0.000      0.000
     HSP                   0.262       1.085       0.000   73.83%       0.000      0.000      0.000
            3153.000       0.193      -0.824       1.000   26.17%       0.000      1.000


THE MODEL ESTIMATION TERMINATED NORMALLY



MODEL FIT INFORMATION

Number of Free Parameters                       41

Chi-Square Test of Model Fit

          Value                            724.790*
          Degrees of Freedom                    34
          P-Value                           0.0000

*   The chi-square value for MLM, MLMV, MLR, ULSMV, WLSM and WLSMV cannot be used
    for chi-square difference testing in the regular way.  MLM, MLR and WLSM
    chi-square difference testing is described on the Mplus website.  MLMV, WLSMV,
    and ULSMV difference testing is done using the DIFFTEST option.

RMSEA (Root Mean Square Error Of Approximation)

          Estimate                           0.080
          90 Percent C.I.                    0.075  0.085
          Probability RMSEA <= .05           0.000

CFI/TLI

          CFI                                0.986
          TLI                                0.980

Chi-Square Test of Model Fit for the Baseline Model

          Value                          49341.136
          Degrees of Freedom                    49
          P-Value                           0.0000

SRMR (Standardized Root Mean Square Residual)

          Value                              0.026

Optimum Function Value for Weighted Least-Squares Estimator

          Value                     0.45126558D-01



MODEL RESULTS

                                                    Two-Tailed
                    Estimate       S.E.  Est./S.E.    P-Value

 PD       BY
    K6NRV              1.000      0.000    999.000    999.000
    K6HOP              1.145      0.012     96.777      0.000
    K6DEP              1.152      0.012     94.233      0.000
    K6RST              1.002      0.013     79.631      0.000
    K6EFF              1.038      0.013     81.589      0.000
    K6WTH              1.155      0.012     95.122      0.000

 PD       ON
    MAR               -0.345      0.033    -10.442      0.000
    FEM                0.139      0.031      4.535      0.000
    BLK               -0.257      0.046     -5.630      0.000
    HSP               -0.265      0.036     -7.411      0.000

 DRK      ON
    PD                 0.606      0.148      4.087      0.000

 DRK      ON
    MAR               -0.938      0.256     -3.667      0.000
    FEM               -1.612      0.228     -7.078      0.000
    BLK               -1.409      0.391     -3.601      0.000
    HSP               -1.501      0.289     -5.198      0.000

 Intercepts
    DRK                6.127      0.239     25.687      0.000

 Thresholds
    K6NRV$1           -0.760      0.039    -19.313      0.000
    K6NRV$2            0.077      0.037      2.061      0.039
    K6NRV$3            0.943      0.040     23.435      0.000
    K6NRV$4            1.610      0.048     33.319      0.000
    K6HOP$1            0.038      0.039      0.978      0.328
    K6HOP$2            0.663      0.040     16.571      0.000
    K6HOP$3            1.289      0.045     28.372      0.000
    K6HOP$4            1.826      0.055     33.029      0.000
    K6RST$1           -0.511      0.038    -13.283      0.000
    K6RST$2            0.160      0.038      4.240      0.000
    K6RST$3            0.890      0.041     21.894      0.000
    K6RST$4            1.504      0.049     30.632      0.000
    K6DEP$1            0.041      0.039      1.056      0.291
    K6DEP$2            0.683      0.040     16.880      0.000
    K6DEP$3            1.333      0.046     28.975      0.000
    K6DEP$4            1.873      0.058     32.321      0.000
    K6EFF$1           -0.372      0.038     -9.699      0.000
    K6EFF$2            0.260      0.038      6.813      0.000
    K6EFF$3            0.840      0.041     20.673      0.000
    K6EFF$4            1.388      0.046     29.881      0.000
    K6WTH$1           -0.142      0.038     -3.690      0.000
    K6WTH$2            0.497      0.039     12.754      0.000
    K6WTH$3            1.070      0.043     25.032      0.000
    K6WTH$4            1.574      0.050     31.525      0.000

 Residual Variances
    DRK               39.562      1.036     38.197      0.000
    PD                 0.617      0.013     47.995      0.000


QUALITY OF NUMERICAL RESULTS

     Condition Number for the Information Matrix              0.234E-04
       (ratio of smallest to largest eigenvalue)


STANDARDIZED MODEL RESULTS


STDYX Standardization

                                                    Two-Tailed
                    Estimate       S.E.  Est./S.E.    P-Value

 PD       BY
    K6NRV              0.795      0.008     99.500      0.000
    K6HOP              0.905      0.005    180.823      0.000
    K6DEP              0.910      0.005    192.630      0.000
    K6RST              0.797      0.008     97.798      0.000
    K6EFF              0.824      0.007    113.529      0.000
    K6WTH              0.913      0.004    203.805      0.000

 PD       ON
    MAR               -0.204      0.019    -10.768      0.000
    FEM                0.085      0.019      4.564      0.000
    BLK               -0.104      0.018     -5.688      0.000
    HSP               -0.143      0.019     -7.541      0.000

 DRK      ON
    PD                 0.077      0.019      4.102      0.000

 DRK      ON
    MAR               -0.070      0.019     -3.686      0.000
    FEM               -0.125      0.017     -7.159      0.000
    BLK               -0.072      0.020     -3.612      0.000
    HSP               -0.103      0.020     -5.266      0.000

 Intercepts
    DRK                0.954      0.044     21.562      0.000

 Thresholds
    K6NRV$1           -0.745      0.038    -19.626      0.000
    K6NRV$2            0.075      0.037      2.057      0.040
    K6NRV$3            0.924      0.040     22.899      0.000
    K6NRV$4            1.577      0.049     32.293      0.000
    K6HOP$1            0.037      0.038      0.977      0.329
    K6HOP$2            0.646      0.040     16.212      0.000
    K6HOP$3            1.255      0.046     27.364      0.000
    K6HOP$4            1.778      0.056     31.717      0.000
    K6RST$1           -0.501      0.037    -13.438      0.000
    K6RST$2            0.157      0.037      4.223      0.000
    K6RST$3            0.872      0.041     21.429      0.000
    K6RST$4            1.473      0.050     29.762      0.000
    K6DEP$1            0.040      0.038      1.054      0.292
    K6DEP$2            0.665      0.040     16.496      0.000
    K6DEP$3            1.298      0.046     27.920      0.000
    K6DEP$4            1.824      0.058     31.186      0.000
    K6EFF$1           -0.364      0.037     -9.796      0.000
    K6EFF$2            0.254      0.038      6.764      0.000
    K6EFF$3            0.822      0.041     20.212      0.000
    K6EFF$4            1.358      0.047     28.933      0.000
    K6WTH$1           -0.138      0.037     -3.708      0.000
    K6WTH$2            0.484      0.039     12.525      0.000
    K6WTH$3            1.042      0.043     24.182      0.000
    K6WTH$4            1.533      0.051     30.285      0.000

 Residual Variances
    DRK                0.958      0.008    127.752      0.000
    PD                 0.937      0.009    101.713      0.000


R-SQUARE

    Observed                                        Two-Tailed   Residual
    Variable        Estimate       S.E.  Est./S.E.    P-Value    Variance

    DRK                0.042      0.008      5.557      0.000
    K6NRV              0.633      0.013     49.750      0.000      0.383
    K6HOP              0.819      0.009     90.411      0.000      0.191
    K6RST              0.635      0.013     48.899      0.000      0.380
    K6DEP              0.828      0.009     96.315      0.000      0.181
    K6EFF              0.680      0.012     56.764      0.000      0.335
    K6WTH              0.833      0.008    101.902      0.000      0.176

     Latent                                         Two-Tailed
    Variable        Estimate       S.E.  Est./S.E.    P-Value

    PD                 0.063      0.009      6.809      0.000


DIAGRAM INFORMATION

  Use View Diagram under the Diagram menu in the Mplus Editor to view the diagram.
  If running Mplus from the Mplus Diagrammer, the diagram opens automatically.

  Diagram output
    w:\projects\isem\isem-chp6-mplus\isem-chp6-m3-wlsmv.dgm

     Beginning Time:  10:04:38
        Ending Time:  10:04:43
       Elapsed Time:  00:00:05



MUTHEN & MUTHEN
3463 Stoner Ave.
Los Angeles, CA  90066

Tel: (310) 391-9971
Fax: (310) 391-8971
Web: www.StatModel.com
Support: Support@StatModel.com

Copyright (c) 1998-2021 Muthen & Muthen
