Mplus VERSION 8.6
MUTHEN & MUTHEN
09/29/2025   9:54 AM

INPUT INSTRUCTIONS

  TITLE: two-dimensional measurement model;
  DATA: FILE = isem-nsduh-mplus-data.csv;
    LISTWISE = ON;
  VARIABLE: NAMES = mar fem blk hsp drk k6nrv k6hop k6rst k6dep k6eff k6wth;
    USEVAR = k6nrv k6rst k6dep k6hop k6eff k6wth;
    MISSING = all(-9);
  ANALYSIS: ESTIMATOR = ML;
  MODEL:
    A BY k6nrv k6rst;
    D BY k6dep k6hop k6eff k6wth;
  OUTPUT: STDYX MODINDICES;



INPUT READING TERMINATED NORMALLY



two-dimensional measurement model;

SUMMARY OF ANALYSIS

Number of groups                                                 1
Number of observations                                        3153

Number of dependent variables                                    6
Number of independent variables                                  0
Number of continuous latent variables                            2

Observed dependent variables

  Continuous
   K6NRV       K6RST       K6DEP       K6HOP       K6EFF       K6WTH

Continuous latent variables
   A           D


Estimator                                                       ML
Information matrix                                        OBSERVED
Maximum number of iterations                                  1000
Convergence criterion                                    0.500D-04
Maximum number of steepest descent iterations                   20

Input data file(s)
  isem-nsduh-mplus-data.csv

Input data format  FREE



UNIVARIATE SAMPLE STATISTICS


     UNIVARIATE HIGHER-ORDER MOMENT DESCRIPTIVE STATISTICS

         Variable/         Mean/     Skewness/   Minimum/ % with                Percentiles
        Sample Size      Variance    Kurtosis    Maximum  Min/Max      20%/60%    40%/80%    Median

     K6NRV                 2.366       0.498       1.000   26.55%       1.000      2.000      2.000
            3153.000       1.258      -0.481       5.000    4.66%       3.000      3.000
     K6RST                 2.132       0.759       1.000   39.64%       1.000      2.000      2.000
            3153.000       1.353      -0.352       5.000    4.38%       2.000      3.000
     K6DEP                 1.744       1.343       1.000   56.90%       1.000      1.000      1.000
            3153.000       1.067       1.056       5.000    2.47%       2.000      3.000
     K6HOP                 1.764       1.324       1.000   56.49%       1.000      1.000      1.000
            3153.000       1.114       0.955       5.000    2.76%       2.000      3.000
     K6EFF                 2.191       0.779       1.000   40.41%       1.000      1.000      2.000
            3153.000       1.582      -0.489       5.000    6.88%       2.000      3.000
     K6WTH                 1.872       1.203       1.000   52.39%       1.000      1.000      1.000
            3153.000       1.281       0.537       5.000    4.09%       2.000      3.000


THE MODEL ESTIMATION TERMINATED NORMALLY



MODEL FIT INFORMATION

Number of Free Parameters                       19

Loglikelihood

          H0 Value                      -22961.757
          H1 Value                      -22898.730

Information Criteria

          Akaike (AIC)                   45961.514
          Bayesian (BIC)                 46076.580
          Sample-Size Adjusted BIC       46016.209
            (n* = (n + 2) / 24)

Chi-Square Test of Model Fit

          Value                            126.055
          Degrees of Freedom                     8
          P-Value                           0.0000

RMSEA (Root Mean Square Error Of Approximation)

          Estimate                           0.068
          90 Percent C.I.                    0.058  0.079
          Probability RMSEA <= .05           0.002

CFI/TLI

          CFI                                0.990
          TLI                                0.982

Chi-Square Test of Model Fit for the Baseline Model

          Value                          12339.237
          Degrees of Freedom                    15
          P-Value                           0.0000

SRMR (Standardized Root Mean Square Residual)

          Value                              0.016



MODEL RESULTS

                                                    Two-Tailed
                    Estimate       S.E.  Est./S.E.    P-Value

 A        BY
    K6NRV              1.000      0.000    999.000    999.000
    K6RST              1.039      0.024     43.066      0.000

 D        BY
    K6DEP              1.000      0.000    999.000    999.000
    K6HOP              1.008      0.016     63.203      0.000
    K6EFF              1.064      0.021     51.200      0.000
    K6WTH              1.104      0.017     65.534      0.000

 D        WITH
    A                  0.690      0.023     29.668      0.000

 Intercepts
    K6NRV              2.366      0.020    118.422      0.000
    K6RST              2.132      0.021    102.905      0.000
    K6DEP              1.744      0.018     94.804      0.000
    K6HOP              1.764      0.019     93.872      0.000
    K6EFF              2.191      0.022     97.794      0.000
    K6WTH              1.872      0.020     92.876      0.000

 Variances
    A                  0.797      0.032     24.642      0.000
    D                  0.806      0.027     30.113      0.000

 Residual Variances
    K6NRV              0.461      0.018     26.076      0.000
    K6RST              0.492      0.019     25.907      0.000
    K6DEP              0.261      0.009     29.028      0.000
    K6HOP              0.294      0.010     29.974      0.000
    K6EFF              0.670      0.019     34.959      0.000
    K6WTH              0.298      0.011     28.255      0.000


QUALITY OF NUMERICAL RESULTS

     Condition Number for the Information Matrix              0.145E-01
       (ratio of smallest to largest eigenvalue)


STANDARDIZED MODEL RESULTS


STDYX Standardization

                                                    Two-Tailed
                    Estimate       S.E.  Est./S.E.    P-Value

 A        BY
    K6NRV              0.796      0.009     85.438      0.000
    K6RST              0.798      0.009     85.824      0.000

 D        BY
    K6DEP              0.869      0.005    158.974      0.000
    K6HOP              0.858      0.006    148.248      0.000
    K6EFF              0.759      0.008     90.067      0.000
    K6WTH              0.876      0.005    164.999      0.000

 D        WITH
    A                  0.861      0.009     94.590      0.000

 Intercepts
    K6NRV              2.109      0.032     65.955      0.000
    K6RST              1.833      0.029     62.868      0.000
    K6DEP              1.688      0.028     60.876      0.000
    K6HOP              1.672      0.028     60.627      0.000
    K6EFF              1.742      0.028     61.647      0.000
    K6WTH              1.654      0.027     60.356      0.000

 Variances
    A                  1.000      0.000    999.000    999.000
    D                  1.000      0.000    999.000    999.000

 Residual Variances
    K6NRV              0.366      0.015     24.692      0.000
    K6RST              0.364      0.015     24.522      0.000
    K6DEP              0.245      0.010     25.727      0.000
    K6HOP              0.264      0.010     26.610      0.000
    K6EFF              0.423      0.013     33.048      0.000
    K6WTH              0.233      0.009     25.068      0.000


R-SQUARE

    Observed                                        Two-Tailed
    Variable        Estimate       S.E.  Est./S.E.    P-Value

    K6NRV              0.634      0.015     42.719      0.000
    K6RST              0.636      0.015     42.912      0.000
    K6DEP              0.755      0.010     79.487      0.000
    K6HOP              0.736      0.010     74.124      0.000
    K6EFF              0.577      0.013     45.034      0.000
    K6WTH              0.767      0.009     82.499      0.000


MODEL MODIFICATION INDICES

NOTE:  Modification indices for direct effects of observed dependent variables
regressed on covariates may not be included.  To include these, request
MODINDICES (ALL).

Minimum M.I. value for printing the modification index    10.000

                                   M.I.     E.P.C.  Std E.P.C.  StdYX E.P.C.

BY Statements

A        BY K6DEP                 24.039    -0.194     -0.173       -0.167
A        BY K6EFF                 55.930     0.407      0.363        0.289
A        BY K6WTH                 13.765    -0.160     -0.143       -0.126

WITH Statements

K6DEP    WITH K6NRV               25.137    -0.044     -0.044       -0.127
K6HOP    WITH K6NRV               38.056     0.056      0.056        0.152
K6HOP    WITH K6DEP               10.495     0.027      0.027        0.097
K6EFF    WITH K6NRV               13.447     0.046      0.046        0.082
K6EFF    WITH K6RST               21.297     0.060      0.060        0.104
K6EFF    WITH K6HOP               26.461    -0.054     -0.054       -0.121
K6WTH    WITH K6NRV               13.384    -0.035     -0.035       -0.094


DIAGRAM INFORMATION

  Use View Diagram under the Diagram menu in the Mplus Editor to view the diagram.
  If running Mplus from the Mplus Diagrammer, the diagram opens automatically.

  Diagram output
    w:\projects\isem\isem-chp4-mplus\isem-chp4-m2.dgm

     Beginning Time:  09:54:19
        Ending Time:  09:54:23
       Elapsed Time:  00:00:04



MUTHEN & MUTHEN
3463 Stoner Ave.
Los Angeles, CA  90066

Tel: (310) 391-9971
Fax: (310) 391-8971
Web: www.StatModel.com
Support: Support@StatModel.com

Copyright (c) 1998-2021 Muthen & Muthen
